sample_4832_in
Using system JDK.
WARN [2022-02-25T12:08:46,169]  [Globals.java:135] [main]  Development mode is enabled
1000000 reads processed ...
2000000 reads processed ...
3000000 reads processed ...
4000000 reads processed ...
5000000 reads processed ...
6000000 reads processed ...
7000000 reads processed ...
8000000 reads processed ...
9000000 reads processed ...
10000000 reads processed ...
11000000 reads processed ...
12000000 reads processed ...
13000000 reads processed ...
14000000 reads processed ...
15000000 reads processed ...
16000000 reads processed ...
17000000 reads processed ...
18000000 reads processed ...
19000000 reads processed ...
20000000 reads processed ...
21000000 reads processed ...
22000000 reads processed ...
23000000 reads processed ...
24000000 reads processed ...
25000000 reads processed ...
26000000 reads processed ...
27000000 reads processed ...
28000000 reads processed ...
29000000 reads processed ...
30000000 reads processed ...
31000000 reads processed ...
32000000 reads processed ...
33000000 reads processed ...
34000000 reads processed ...
35000000 reads processed ...
36000000 reads processed ...
37000000 reads processed ...
38000000 reads processed ...
39000000 reads processed ...
40000000 reads processed ...
41000000 reads processed ...
42000000 reads processed ...
43000000 reads processed ...
44000000 reads processed ...
45000000 reads processed ...
46000000 reads processed ...
47000000 reads processed ...
Done
sample_4833_in
Using system JDK.
WARN [2022-02-25T12:09:46,636]  [Globals.java:135] [main]  Development mode is enabled
1000000 reads processed ...
2000000 reads processed ...
3000000 reads processed ...
4000000 reads processed ...
5000000 reads processed ...
6000000 reads processed ...
7000000 reads processed ...
8000000 reads processed ...
9000000 reads processed ...
10000000 reads processed ...
11000000 reads processed ...
12000000 reads processed ...
13000000 reads processed ...
14000000 reads processed ...
15000000 reads processed ...
16000000 reads processed ...
17000000 reads processed ...
18000000 reads processed ...
19000000 reads processed ...
20000000 reads processed ...
21000000 reads processed ...
22000000 reads processed ...
23000000 reads processed ...
24000000 reads processed ...
25000000 reads processed ...
26000000 reads processed ...
27000000 reads processed ...
28000000 reads processed ...
29000000 reads processed ...
30000000 reads processed ...
31000000 reads processed ...
32000000 reads processed ...
33000000 reads processed ...
34000000 reads processed ...
35000000 reads processed ...
36000000 reads processed ...
37000000 reads processed ...
38000000 reads processed ...
39000000 reads processed ...
40000000 reads processed ...
41000000 reads processed ...
42000000 reads processed ...
43000000 reads processed ...
44000000 reads processed ...
45000000 reads processed ...
46000000 reads processed ...
Done
sample_4822_out
Using system JDK.
WARN [2022-02-25T12:10:45,974]  [Globals.java:135] [main]  Development mode is enabled
1000000 reads processed ...
2000000 reads processed ...
3000000 reads processed ...
4000000 reads processed ...
5000000 reads processed ...
6000000 reads processed ...
7000000 reads processed ...
8000000 reads processed ...
9000000 reads processed ...
10000000 reads processed ...
11000000 reads processed ...
12000000 reads processed ...
13000000 reads processed ...
14000000 reads processed ...
15000000 reads processed ...
16000000 reads processed ...
17000000 reads processed ...
18000000 reads processed ...
19000000 reads processed ...
20000000 reads processed ...
21000000 reads processed ...
22000000 reads processed ...
23000000 reads processed ...
24000000 reads processed ...
25000000 reads processed ...
26000000 reads processed ...
27000000 reads processed ...
28000000 reads processed ...
29000000 reads processed ...
30000000 reads processed ...
31000000 reads processed ...
32000000 reads processed ...
33000000 reads processed ...
34000000 reads processed ...
35000000 reads processed ...
36000000 reads processed ...
37000000 reads processed ...
38000000 reads processed ...
39000000 reads processed ...
40000000 reads processed ...
41000000 reads processed ...
42000000 reads processed ...
43000000 reads processed ...
44000000 reads processed ...
45000000 reads processed ...
46000000 reads processed ...
47000000 reads processed ...
48000000 reads processed ...
49000000 reads processed ...
50000000 reads processed ...
51000000 reads processed ...
52000000 reads processed ...
53000000 reads processed ...
54000000 reads processed ...
Done
sample_4833_in
Using system JDK.
WARN [2022-02-25T12:11:53,376]  [Globals.java:135] [main]  Development mode is enabled
1000000 reads processed ...
2000000 reads processed ...
3000000 reads processed ...
4000000 reads processed ...
5000000 reads processed ...
6000000 reads processed ...
7000000 reads processed ...
8000000 reads processed ...
9000000 reads processed ...
10000000 reads processed ...
11000000 reads processed ...
12000000 reads processed ...
13000000 reads processed ...
14000000 reads processed ...
15000000 reads processed ...
16000000 reads processed ...
17000000 reads processed ...
18000000 reads processed ...
19000000 reads processed ...
20000000 reads processed ...
21000000 reads processed ...
22000000 reads processed ...
23000000 reads processed ...
24000000 reads processed ...
25000000 reads processed ...
26000000 reads processed ...
27000000 reads processed ...
28000000 reads processed ...
29000000 reads processed ...
30000000 reads processed ...
31000000 reads processed ...
32000000 reads processed ...
33000000 reads processed ...
34000000 reads processed ...
35000000 reads processed ...
36000000 reads processed ...
37000000 reads processed ...
38000000 reads processed ...
39000000 reads processed ...
40000000 reads processed ...
41000000 reads processed ...
42000000 reads processed ...
43000000 reads processed ...
44000000 reads processed ...
45000000 reads processed ...
46000000 reads processed ...
Done
sample_4823_in
Using system JDK.
WARN [2022-02-25T12:12:50,276]  [Globals.java:135] [main]  Development mode is enabled
1000000 reads processed ...
2000000 reads processed ...
3000000 reads processed ...
4000000 reads processed ...
5000000 reads processed ...
6000000 reads processed ...
7000000 reads processed ...
8000000 reads processed ...
9000000 reads processed ...
10000000 reads processed ...
11000000 reads processed ...
12000000 reads processed ...
13000000 reads processed ...
14000000 reads processed ...
15000000 reads processed ...
16000000 reads processed ...
17000000 reads processed ...
18000000 reads processed ...
19000000 reads processed ...
20000000 reads processed ...
21000000 reads processed ...
22000000 reads processed ...
23000000 reads processed ...
24000000 reads processed ...
25000000 reads processed ...
26000000 reads processed ...
27000000 reads processed ...
28000000 reads processed ...
29000000 reads processed ...
30000000 reads processed ...
31000000 reads processed ...
32000000 reads processed ...
33000000 reads processed ...
34000000 reads processed ...
35000000 reads processed ...
36000000 reads processed ...
37000000 reads processed ...
38000000 reads processed ...
39000000 reads processed ...
40000000 reads processed ...
41000000 reads processed ...
42000000 reads processed ...
43000000 reads processed ...
44000000 reads processed ...
45000000 reads processed ...
46000000 reads processed ...
47000000 reads processed ...
48000000 reads processed ...
49000000 reads processed ...
50000000 reads processed ...
51000000 reads processed ...
52000000 reads processed ...
Done
sample_4821_out
Using system JDK.
WARN [2022-02-25T12:13:56,800]  [Globals.java:135] [main]  Development mode is enabled
1000000 reads processed ...
2000000 reads processed ...
3000000 reads processed ...
4000000 reads processed ...
5000000 reads processed ...
6000000 reads processed ...
7000000 reads processed ...
8000000 reads processed ...
9000000 reads processed ...
10000000 reads processed ...
11000000 reads processed ...
12000000 reads processed ...
13000000 reads processed ...
14000000 reads processed ...
15000000 reads processed ...
16000000 reads processed ...
17000000 reads processed ...
18000000 reads processed ...
19000000 reads processed ...
20000000 reads processed ...
21000000 reads processed ...
22000000 reads processed ...
23000000 reads processed ...
24000000 reads processed ...
25000000 reads processed ...
26000000 reads processed ...
27000000 reads processed ...
28000000 reads processed ...
29000000 reads processed ...
30000000 reads processed ...
31000000 reads processed ...
32000000 reads processed ...
33000000 reads processed ...
34000000 reads processed ...
35000000 reads processed ...
36000000 reads processed ...
37000000 reads processed ...
38000000 reads processed ...
39000000 reads processed ...
40000000 reads processed ...
41000000 reads processed ...
42000000 reads processed ...
43000000 reads processed ...
44000000 reads processed ...
45000000 reads processed ...
46000000 reads processed ...
47000000 reads processed ...
48000000 reads processed ...
49000000 reads processed ...
50000000 reads processed ...
Done
sample_4832_out
Using system JDK.
WARN [2022-02-25T12:15:00,561]  [Globals.java:135] [main]  Development mode is enabled
1000000 reads processed ...
2000000 reads processed ...
3000000 reads processed ...
4000000 reads processed ...
5000000 reads processed ...
6000000 reads processed ...
7000000 reads processed ...
8000000 reads processed ...
9000000 reads processed ...
10000000 reads processed ...
11000000 reads processed ...
12000000 reads processed ...
13000000 reads processed ...
14000000 reads processed ...
15000000 reads processed ...
16000000 reads processed ...
17000000 reads processed ...
18000000 reads processed ...
19000000 reads processed ...
20000000 reads processed ...
21000000 reads processed ...
22000000 reads processed ...
23000000 reads processed ...
24000000 reads processed ...
25000000 reads processed ...
26000000 reads processed ...
27000000 reads processed ...
28000000 reads processed ...
29000000 reads processed ...
30000000 reads processed ...
31000000 reads processed ...
32000000 reads processed ...
33000000 reads processed ...
34000000 reads processed ...
35000000 reads processed ...
36000000 reads processed ...
37000000 reads processed ...
38000000 reads processed ...
39000000 reads processed ...
40000000 reads processed ...
41000000 reads processed ...
42000000 reads processed ...
43000000 reads processed ...
44000000 reads processed ...
45000000 reads processed ...
46000000 reads processed ...
47000000 reads processed ...
48000000 reads processed ...
49000000 reads processed ...
50000000 reads processed ...
51000000 reads processed ...
52000000 reads processed ...
53000000 reads processed ...
54000000 reads processed ...
55000000 reads processed ...
56000000 reads processed ...
57000000 reads processed ...
58000000 reads processed ...
Done
sample_4834_out
Using system JDK.
WARN [2022-02-25T12:16:13,044]  [Globals.java:135] [main]  Development mode is enabled
1000000 reads processed ...
2000000 reads processed ...
3000000 reads processed ...
4000000 reads processed ...
5000000 reads processed ...
6000000 reads processed ...
7000000 reads processed ...
8000000 reads processed ...
9000000 reads processed ...
10000000 reads processed ...
11000000 reads processed ...
12000000 reads processed ...
13000000 reads processed ...
14000000 reads processed ...
15000000 reads processed ...
16000000 reads processed ...
17000000 reads processed ...
18000000 reads processed ...
19000000 reads processed ...
20000000 reads processed ...
21000000 reads processed ...
22000000 reads processed ...
23000000 reads processed ...
24000000 reads processed ...
25000000 reads processed ...
26000000 reads processed ...
27000000 reads processed ...
28000000 reads processed ...
29000000 reads processed ...
30000000 reads processed ...
31000000 reads processed ...
32000000 reads processed ...
33000000 reads processed ...
34000000 reads processed ...
35000000 reads processed ...
36000000 reads processed ...
37000000 reads processed ...
38000000 reads processed ...
39000000 reads processed ...
40000000 reads processed ...
41000000 reads processed ...
42000000 reads processed ...
43000000 reads processed ...
44000000 reads processed ...
45000000 reads processed ...
46000000 reads processed ...
47000000 reads processed ...
48000000 reads processed ...
49000000 reads processed ...
50000000 reads processed ...
51000000 reads processed ...
52000000 reads processed ...
53000000 reads processed ...
Done
sample_4823_in
Using system JDK.
WARN [2022-02-25T12:17:20,543]  [Globals.java:135] [main]  Development mode is enabled
1000000 reads processed ...
2000000 reads processed ...
3000000 reads processed ...
4000000 reads processed ...
5000000 reads processed ...
6000000 reads processed ...
7000000 reads processed ...
8000000 reads processed ...
9000000 reads processed ...
10000000 reads processed ...
11000000 reads processed ...
12000000 reads processed ...
13000000 reads processed ...
14000000 reads processed ...
15000000 reads processed ...
16000000 reads processed ...
17000000 reads processed ...
18000000 reads processed ...
19000000 reads processed ...
20000000 reads processed ...
21000000 reads processed ...
22000000 reads processed ...
23000000 reads processed ...
24000000 reads processed ...
25000000 reads processed ...
26000000 reads processed ...
27000000 reads processed ...
28000000 reads processed ...
29000000 reads processed ...
30000000 reads processed ...
31000000 reads processed ...
32000000 reads processed ...
33000000 reads processed ...
34000000 reads processed ...
35000000 reads processed ...
36000000 reads processed ...
37000000 reads processed ...
38000000 reads processed ...
39000000 reads processed ...
40000000 reads processed ...
41000000 reads processed ...
42000000 reads processed ...
43000000 reads processed ...
44000000 reads processed ...
45000000 reads processed ...
46000000 reads processed ...
47000000 reads processed ...
48000000 reads processed ...
49000000 reads processed ...
50000000 reads processed ...
51000000 reads processed ...
52000000 reads processed ...
Done
sample_4821_in
Using system JDK.
WARN [2022-02-25T12:18:24,007]  [Globals.java:135] [main]  Development mode is enabled
1000000 reads processed ...
2000000 reads processed ...
3000000 reads processed ...
4000000 reads processed ...
5000000 reads processed ...
6000000 reads processed ...
7000000 reads processed ...
8000000 reads processed ...
9000000 reads processed ...
10000000 reads processed ...
11000000 reads processed ...
12000000 reads processed ...
13000000 reads processed ...
14000000 reads processed ...
15000000 reads processed ...
16000000 reads processed ...
17000000 reads processed ...
18000000 reads processed ...
19000000 reads processed ...
20000000 reads processed ...
21000000 reads processed ...
22000000 reads processed ...
23000000 reads processed ...
24000000 reads processed ...
25000000 reads processed ...
26000000 reads processed ...
27000000 reads processed ...
28000000 reads processed ...
29000000 reads processed ...
30000000 reads processed ...
31000000 reads processed ...
32000000 reads processed ...
33000000 reads processed ...
34000000 reads processed ...
35000000 reads processed ...
36000000 reads processed ...
37000000 reads processed ...
38000000 reads processed ...
39000000 reads processed ...
40000000 reads processed ...
41000000 reads processed ...
42000000 reads processed ...
43000000 reads processed ...
44000000 reads processed ...
45000000 reads processed ...
Done
sample_4823_out
Using system JDK.
WARN [2022-02-25T12:19:22,874]  [Globals.java:135] [main]  Development mode is enabled
1000000 reads processed ...
2000000 reads processed ...
3000000 reads processed ...
4000000 reads processed ...
5000000 reads processed ...
6000000 reads processed ...
7000000 reads processed ...
8000000 reads processed ...
9000000 reads processed ...
10000000 reads processed ...
11000000 reads processed ...
12000000 reads processed ...
13000000 reads processed ...
14000000 reads processed ...
15000000 reads processed ...
16000000 reads processed ...
17000000 reads processed ...
18000000 reads processed ...
19000000 reads processed ...
20000000 reads processed ...
21000000 reads processed ...
22000000 reads processed ...
23000000 reads processed ...
24000000 reads processed ...
25000000 reads processed ...
26000000 reads processed ...
27000000 reads processed ...
28000000 reads processed ...
29000000 reads processed ...
30000000 reads processed ...
31000000 reads processed ...
32000000 reads processed ...
33000000 reads processed ...
34000000 reads processed ...
35000000 reads processed ...
36000000 reads processed ...
37000000 reads processed ...
38000000 reads processed ...
39000000 reads processed ...
40000000 reads processed ...
41000000 reads processed ...
42000000 reads processed ...
43000000 reads processed ...
44000000 reads processed ...
45000000 reads processed ...
46000000 reads processed ...
47000000 reads processed ...
48000000 reads processed ...
49000000 reads processed ...
50000000 reads processed ...
51000000 reads processed ...
52000000 reads processed ...
53000000 reads processed ...
54000000 reads processed ...
55000000 reads processed ...
56000000 reads processed ...
Done
sample_4833_out
Using system JDK.
WARN [2022-02-25T12:20:35,782]  [Globals.java:135] [main]  Development mode is enabled
1000000 reads processed ...
2000000 reads processed ...
3000000 reads processed ...
4000000 reads processed ...
5000000 reads processed ...
6000000 reads processed ...
7000000 reads processed ...
8000000 reads processed ...
9000000 reads processed ...
10000000 reads processed ...
11000000 reads processed ...
12000000 reads processed ...
13000000 reads processed ...
14000000 reads processed ...
15000000 reads processed ...
16000000 reads processed ...
17000000 reads processed ...
18000000 reads processed ...
19000000 reads processed ...
20000000 reads processed ...
21000000 reads processed ...
22000000 reads processed ...
23000000 reads processed ...
24000000 reads processed ...
25000000 reads processed ...
26000000 reads processed ...
27000000 reads processed ...
28000000 reads processed ...
29000000 reads processed ...
30000000 reads processed ...
31000000 reads processed ...
32000000 reads processed ...
33000000 reads processed ...
34000000 reads processed ...
35000000 reads processed ...
36000000 reads processed ...
37000000 reads processed ...
38000000 reads processed ...
39000000 reads processed ...
40000000 reads processed ...
41000000 reads processed ...
42000000 reads processed ...
43000000 reads processed ...
44000000 reads processed ...
45000000 reads processed ...
46000000 reads processed ...
47000000 reads processed ...
48000000 reads processed ...
49000000 reads processed ...
Done
sample_4833_out
Using system JDK.
WARN [2022-02-25T12:21:41,003]  [Globals.java:135] [main]  Development mode is enabled
1000000 reads processed ...
2000000 reads processed ...
3000000 reads processed ...
4000000 reads processed ...
5000000 reads processed ...
6000000 reads processed ...
7000000 reads processed ...
8000000 reads processed ...
9000000 reads processed ...
10000000 reads processed ...
11000000 reads processed ...
12000000 reads processed ...
13000000 reads processed ...
14000000 reads processed ...
15000000 reads processed ...
16000000 reads processed ...
17000000 reads processed ...
18000000 reads processed ...
19000000 reads processed ...
20000000 reads processed ...
21000000 reads processed ...
22000000 reads processed ...
23000000 reads processed ...
24000000 reads processed ...
25000000 reads processed ...
26000000 reads processed ...
27000000 reads processed ...
28000000 reads processed ...
29000000 reads processed ...
30000000 reads processed ...
31000000 reads processed ...
32000000 reads processed ...
33000000 reads processed ...
34000000 reads processed ...
35000000 reads processed ...
36000000 reads processed ...
37000000 reads processed ...
38000000 reads processed ...
39000000 reads processed ...
40000000 reads processed ...
41000000 reads processed ...
42000000 reads processed ...
43000000 reads processed ...
44000000 reads processed ...
45000000 reads processed ...
46000000 reads processed ...
47000000 reads processed ...
48000000 reads processed ...
49000000 reads processed ...
Done
sample_4834_in
Using system JDK.
WARN [2022-02-25T12:22:42,659]  [Globals.java:135] [main]  Development mode is enabled
1000000 reads processed ...
2000000 reads processed ...
3000000 reads processed ...
4000000 reads processed ...
5000000 reads processed ...
6000000 reads processed ...
7000000 reads processed ...
8000000 reads processed ...
9000000 reads processed ...
10000000 reads processed ...
11000000 reads processed ...
12000000 reads processed ...
13000000 reads processed ...
14000000 reads processed ...
15000000 reads processed ...
16000000 reads processed ...
17000000 reads processed ...
18000000 reads processed ...
19000000 reads processed ...
20000000 reads processed ...
21000000 reads processed ...
22000000 reads processed ...
23000000 reads processed ...
24000000 reads processed ...
25000000 reads processed ...
26000000 reads processed ...
27000000 reads processed ...
28000000 reads processed ...
29000000 reads processed ...
30000000 reads processed ...
31000000 reads processed ...
32000000 reads processed ...
33000000 reads processed ...
34000000 reads processed ...
35000000 reads processed ...
36000000 reads processed ...
37000000 reads processed ...
38000000 reads processed ...
39000000 reads processed ...
40000000 reads processed ...
41000000 reads processed ...
42000000 reads processed ...
43000000 reads processed ...
44000000 reads processed ...
45000000 reads processed ...
46000000 reads processed ...
47000000 reads processed ...
48000000 reads processed ...
49000000 reads processed ...
50000000 reads processed ...
51000000 reads processed ...
Done
sample_4832_in
Using system JDK.
WARN [2022-02-25T12:23:47,043]  [Globals.java:135] [main]  Development mode is enabled
1000000 reads processed ...
2000000 reads processed ...
3000000 reads processed ...
4000000 reads processed ...
5000000 reads processed ...
6000000 reads processed ...
7000000 reads processed ...
8000000 reads processed ...
9000000 reads processed ...
10000000 reads processed ...
11000000 reads processed ...
12000000 reads processed ...
13000000 reads processed ...
14000000 reads processed ...
15000000 reads processed ...
16000000 reads processed ...
17000000 reads processed ...
18000000 reads processed ...
19000000 reads processed ...
20000000 reads processed ...
21000000 reads processed ...
22000000 reads processed ...
23000000 reads processed ...
24000000 reads processed ...
25000000 reads processed ...
26000000 reads processed ...
27000000 reads processed ...
28000000 reads processed ...
29000000 reads processed ...
30000000 reads processed ...
31000000 reads processed ...
32000000 reads processed ...
33000000 reads processed ...
34000000 reads processed ...
35000000 reads processed ...
36000000 reads processed ...
37000000 reads processed ...
38000000 reads processed ...
39000000 reads processed ...
40000000 reads processed ...
41000000 reads processed ...
42000000 reads processed ...
43000000 reads processed ...
44000000 reads processed ...
45000000 reads processed ...
46000000 reads processed ...
47000000 reads processed ...
Done
sample_4822_out
Using system JDK.
WARN [2022-02-25T12:24:46,662]  [Globals.java:135] [main]  Development mode is enabled
1000000 reads processed ...
2000000 reads processed ...
3000000 reads processed ...
4000000 reads processed ...
5000000 reads processed ...
6000000 reads processed ...
7000000 reads processed ...
8000000 reads processed ...
9000000 reads processed ...
10000000 reads processed ...
11000000 reads processed ...
12000000 reads processed ...
13000000 reads processed ...
14000000 reads processed ...
15000000 reads processed ...
16000000 reads processed ...
17000000 reads processed ...
18000000 reads processed ...
19000000 reads processed ...
20000000 reads processed ...
21000000 reads processed ...
22000000 reads processed ...
23000000 reads processed ...
24000000 reads processed ...
25000000 reads processed ...
26000000 reads processed ...
27000000 reads processed ...
28000000 reads processed ...
29000000 reads processed ...
30000000 reads processed ...
31000000 reads processed ...
32000000 reads processed ...
33000000 reads processed ...
34000000 reads processed ...
35000000 reads processed ...
36000000 reads processed ...
37000000 reads processed ...
38000000 reads processed ...
39000000 reads processed ...
40000000 reads processed ...
41000000 reads processed ...
42000000 reads processed ...
43000000 reads processed ...
44000000 reads processed ...
45000000 reads processed ...
46000000 reads processed ...
47000000 reads processed ...
48000000 reads processed ...
49000000 reads processed ...
50000000 reads processed ...
51000000 reads processed ...
52000000 reads processed ...
53000000 reads processed ...
54000000 reads processed ...
Done
sample_4823_out
Using system JDK.
WARN [2022-02-25T12:25:53,501]  [Globals.java:135] [main]  Development mode is enabled
1000000 reads processed ...
2000000 reads processed ...
3000000 reads processed ...
4000000 reads processed ...
5000000 reads processed ...
6000000 reads processed ...
7000000 reads processed ...
8000000 reads processed ...
9000000 reads processed ...
10000000 reads processed ...
11000000 reads processed ...
12000000 reads processed ...
13000000 reads processed ...
14000000 reads processed ...
15000000 reads processed ...
16000000 reads processed ...
17000000 reads processed ...
18000000 reads processed ...
19000000 reads processed ...
20000000 reads processed ...
21000000 reads processed ...
22000000 reads processed ...
23000000 reads processed ...
24000000 reads processed ...
25000000 reads processed ...
26000000 reads processed ...
27000000 reads processed ...
28000000 reads processed ...
29000000 reads processed ...
30000000 reads processed ...
31000000 reads processed ...
32000000 reads processed ...
33000000 reads processed ...
34000000 reads processed ...
35000000 reads processed ...
36000000 reads processed ...
37000000 reads processed ...
38000000 reads processed ...
39000000 reads processed ...
40000000 reads processed ...
41000000 reads processed ...
42000000 reads processed ...
43000000 reads processed ...
44000000 reads processed ...
45000000 reads processed ...
46000000 reads processed ...
47000000 reads processed ...
48000000 reads processed ...
49000000 reads processed ...
50000000 reads processed ...
51000000 reads processed ...
52000000 reads processed ...
53000000 reads processed ...
54000000 reads processed ...
55000000 reads processed ...
56000000 reads processed ...
Done
sample_4821_out
Using system JDK.
WARN [2022-02-25T12:27:02,863]  [Globals.java:135] [main]  Development mode is enabled
1000000 reads processed ...
2000000 reads processed ...
3000000 reads processed ...
4000000 reads processed ...
5000000 reads processed ...
6000000 reads processed ...
7000000 reads processed ...
8000000 reads processed ...
9000000 reads processed ...
10000000 reads processed ...
11000000 reads processed ...
12000000 reads processed ...
13000000 reads processed ...
14000000 reads processed ...
15000000 reads processed ...
16000000 reads processed ...
17000000 reads processed ...
18000000 reads processed ...
19000000 reads processed ...
20000000 reads processed ...
21000000 reads processed ...
22000000 reads processed ...
23000000 reads processed ...
24000000 reads processed ...
25000000 reads processed ...
26000000 reads processed ...
27000000 reads processed ...
28000000 reads processed ...
29000000 reads processed ...
30000000 reads processed ...
31000000 reads processed ...
32000000 reads processed ...
33000000 reads processed ...
34000000 reads processed ...
35000000 reads processed ...
36000000 reads processed ...
37000000 reads processed ...
38000000 reads processed ...
39000000 reads processed ...
40000000 reads processed ...
41000000 reads processed ...
42000000 reads processed ...
43000000 reads processed ...
44000000 reads processed ...
45000000 reads processed ...
46000000 reads processed ...
47000000 reads processed ...
48000000 reads processed ...
49000000 reads processed ...
50000000 reads processed ...
Done
sample_4832_out
Using system JDK.
WARN [2022-02-25T12:28:06,331]  [Globals.java:135] [main]  Development mode is enabled
1000000 reads processed ...
2000000 reads processed ...
3000000 reads processed ...
4000000 reads processed ...
5000000 reads processed ...
6000000 reads processed ...
7000000 reads processed ...
8000000 reads processed ...
9000000 reads processed ...
10000000 reads processed ...
11000000 reads processed ...
12000000 reads processed ...
13000000 reads processed ...
14000000 reads processed ...
15000000 reads processed ...
16000000 reads processed ...
17000000 reads processed ...
18000000 reads processed ...
19000000 reads processed ...
20000000 reads processed ...
21000000 reads processed ...
22000000 reads processed ...
23000000 reads processed ...
24000000 reads processed ...
25000000 reads processed ...
26000000 reads processed ...
27000000 reads processed ...
28000000 reads processed ...
29000000 reads processed ...
30000000 reads processed ...
31000000 reads processed ...
32000000 reads processed ...
33000000 reads processed ...
34000000 reads processed ...
35000000 reads processed ...
36000000 reads processed ...
37000000 reads processed ...
38000000 reads processed ...
39000000 reads processed ...
40000000 reads processed ...
41000000 reads processed ...
42000000 reads processed ...
43000000 reads processed ...
44000000 reads processed ...
45000000 reads processed ...
46000000 reads processed ...
47000000 reads processed ...
48000000 reads processed ...
49000000 reads processed ...
50000000 reads processed ...
51000000 reads processed ...
52000000 reads processed ...
53000000 reads processed ...
54000000 reads processed ...
55000000 reads processed ...
56000000 reads processed ...
57000000 reads processed ...
58000000 reads processed ...
Done
sample_4831_out
Using system JDK.
WARN [2022-02-25T12:29:18,771]  [Globals.java:135] [main]  Development mode is enabled
1000000 reads processed ...
2000000 reads processed ...
3000000 reads processed ...
4000000 reads processed ...
5000000 reads processed ...
6000000 reads processed ...
7000000 reads processed ...
8000000 reads processed ...
9000000 reads processed ...
10000000 reads processed ...
11000000 reads processed ...
12000000 reads processed ...
13000000 reads processed ...
14000000 reads processed ...
15000000 reads processed ...
16000000 reads processed ...
17000000 reads processed ...
18000000 reads processed ...
19000000 reads processed ...
20000000 reads processed ...
21000000 reads processed ...
22000000 reads processed ...
23000000 reads processed ...
24000000 reads processed ...
25000000 reads processed ...
26000000 reads processed ...
27000000 reads processed ...
28000000 reads processed ...
29000000 reads processed ...
30000000 reads processed ...
31000000 reads processed ...
32000000 reads processed ...
33000000 reads processed ...
34000000 reads processed ...
35000000 reads processed ...
36000000 reads processed ...
37000000 reads processed ...
38000000 reads processed ...
39000000 reads processed ...
40000000 reads processed ...
41000000 reads processed ...
42000000 reads processed ...
43000000 reads processed ...
44000000 reads processed ...
45000000 reads processed ...
46000000 reads processed ...
47000000 reads processed ...
48000000 reads processed ...
49000000 reads processed ...
50000000 reads processed ...
51000000 reads processed ...
52000000 reads processed ...
Done
sample_4831_in
Using system JDK.
WARN [2022-02-25T12:30:25,325]  [Globals.java:135] [main]  Development mode is enabled
1000000 reads processed ...
2000000 reads processed ...
3000000 reads processed ...
4000000 reads processed ...
5000000 reads processed ...
6000000 reads processed ...
7000000 reads processed ...
8000000 reads processed ...
9000000 reads processed ...
10000000 reads processed ...
11000000 reads processed ...
12000000 reads processed ...
13000000 reads processed ...
14000000 reads processed ...
15000000 reads processed ...
16000000 reads processed ...
17000000 reads processed ...
18000000 reads processed ...
19000000 reads processed ...
20000000 reads processed ...
21000000 reads processed ...
22000000 reads processed ...
23000000 reads processed ...
24000000 reads processed ...
25000000 reads processed ...
26000000 reads processed ...
27000000 reads processed ...
28000000 reads processed ...
29000000 reads processed ...
30000000 reads processed ...
31000000 reads processed ...
32000000 reads processed ...
33000000 reads processed ...
34000000 reads processed ...
35000000 reads processed ...
36000000 reads processed ...
37000000 reads processed ...
38000000 reads processed ...
39000000 reads processed ...
40000000 reads processed ...
41000000 reads processed ...
42000000 reads processed ...
43000000 reads processed ...
44000000 reads processed ...
45000000 reads processed ...
46000000 reads processed ...
47000000 reads processed ...
48000000 reads processed ...
Done
sample_4834_in
Using system JDK.
WARN [2022-02-25T12:31:29,130]  [Globals.java:135] [main]  Development mode is enabled
1000000 reads processed ...
2000000 reads processed ...
3000000 reads processed ...
4000000 reads processed ...
5000000 reads processed ...
6000000 reads processed ...
7000000 reads processed ...
8000000 reads processed ...
9000000 reads processed ...
10000000 reads processed ...
11000000 reads processed ...
12000000 reads processed ...
13000000 reads processed ...
14000000 reads processed ...
15000000 reads processed ...
16000000 reads processed ...
17000000 reads processed ...
18000000 reads processed ...
19000000 reads processed ...
20000000 reads processed ...
21000000 reads processed ...
22000000 reads processed ...
23000000 reads processed ...
24000000 reads processed ...
25000000 reads processed ...
26000000 reads processed ...
27000000 reads processed ...
28000000 reads processed ...
29000000 reads processed ...
30000000 reads processed ...
31000000 reads processed ...
32000000 reads processed ...
33000000 reads processed ...
34000000 reads processed ...
35000000 reads processed ...
36000000 reads processed ...
37000000 reads processed ...
38000000 reads processed ...
39000000 reads processed ...
40000000 reads processed ...
41000000 reads processed ...
42000000 reads processed ...
43000000 reads processed ...
44000000 reads processed ...
45000000 reads processed ...
46000000 reads processed ...
47000000 reads processed ...
48000000 reads processed ...
49000000 reads processed ...
50000000 reads processed ...
51000000 reads processed ...
Done
sample_4831_in
Using system JDK.
WARN [2022-02-25T12:32:32,249]  [Globals.java:135] [main]  Development mode is enabled
1000000 reads processed ...
2000000 reads processed ...
3000000 reads processed ...
4000000 reads processed ...
5000000 reads processed ...
6000000 reads processed ...
7000000 reads processed ...
8000000 reads processed ...
9000000 reads processed ...
10000000 reads processed ...
11000000 reads processed ...
12000000 reads processed ...
13000000 reads processed ...
14000000 reads processed ...
15000000 reads processed ...
16000000 reads processed ...
17000000 reads processed ...
18000000 reads processed ...
19000000 reads processed ...
20000000 reads processed ...
21000000 reads processed ...
22000000 reads processed ...
23000000 reads processed ...
24000000 reads processed ...
25000000 reads processed ...
26000000 reads processed ...
27000000 reads processed ...
28000000 reads processed ...
29000000 reads processed ...
30000000 reads processed ...
31000000 reads processed ...
32000000 reads processed ...
33000000 reads processed ...
34000000 reads processed ...
35000000 reads processed ...
36000000 reads processed ...
37000000 reads processed ...
38000000 reads processed ...
39000000 reads processed ...
40000000 reads processed ...
41000000 reads processed ...
42000000 reads processed ...
43000000 reads processed ...
44000000 reads processed ...
45000000 reads processed ...
46000000 reads processed ...
47000000 reads processed ...
48000000 reads processed ...
Done
sample_4821_in
Using system JDK.
WARN [2022-02-25T12:33:35,352]  [Globals.java:135] [main]  Development mode is enabled
1000000 reads processed ...
2000000 reads processed ...
3000000 reads processed ...
4000000 reads processed ...
5000000 reads processed ...
6000000 reads processed ...
7000000 reads processed ...
8000000 reads processed ...
9000000 reads processed ...
10000000 reads processed ...
11000000 reads processed ...
12000000 reads processed ...
13000000 reads processed ...
14000000 reads processed ...
15000000 reads processed ...
16000000 reads processed ...
17000000 reads processed ...
18000000 reads processed ...
19000000 reads processed ...
20000000 reads processed ...
21000000 reads processed ...
22000000 reads processed ...
23000000 reads processed ...
24000000 reads processed ...
25000000 reads processed ...
26000000 reads processed ...
27000000 reads processed ...
28000000 reads processed ...
29000000 reads processed ...
30000000 reads processed ...
31000000 reads processed ...
32000000 reads processed ...
33000000 reads processed ...
34000000 reads processed ...
35000000 reads processed ...
36000000 reads processed ...
37000000 reads processed ...
38000000 reads processed ...
39000000 reads processed ...
40000000 reads processed ...
41000000 reads processed ...
42000000 reads processed ...
43000000 reads processed ...
44000000 reads processed ...
45000000 reads processed ...
Done
sample_4831_out
Using system JDK.
WARN [2022-02-25T12:34:31,524]  [Globals.java:135] [main]  Development mode is enabled
1000000 reads processed ...
2000000 reads processed ...
3000000 reads processed ...
4000000 reads processed ...
5000000 reads processed ...
6000000 reads processed ...
7000000 reads processed ...
8000000 reads processed ...
9000000 reads processed ...
10000000 reads processed ...
11000000 reads processed ...
12000000 reads processed ...
13000000 reads processed ...
14000000 reads processed ...
15000000 reads processed ...
16000000 reads processed ...
17000000 reads processed ...
18000000 reads processed ...
19000000 reads processed ...
20000000 reads processed ...
21000000 reads processed ...
22000000 reads processed ...
23000000 reads processed ...
24000000 reads processed ...
25000000 reads processed ...
26000000 reads processed ...
27000000 reads processed ...
28000000 reads processed ...
29000000 reads processed ...
30000000 reads processed ...
31000000 reads processed ...
32000000 reads processed ...
33000000 reads processed ...
34000000 reads processed ...
35000000 reads processed ...
36000000 reads processed ...
37000000 reads processed ...
38000000 reads processed ...
39000000 reads processed ...
40000000 reads processed ...
41000000 reads processed ...
42000000 reads processed ...
43000000 reads processed ...
44000000 reads processed ...
45000000 reads processed ...
46000000 reads processed ...
47000000 reads processed ...
48000000 reads processed ...
49000000 reads processed ...
50000000 reads processed ...
51000000 reads processed ...
52000000 reads processed ...
Done
sample_4822_in
Using system JDK.
WARN [2022-02-25T12:35:36,273]  [Globals.java:135] [main]  Development mode is enabled
1000000 reads processed ...
2000000 reads processed ...
3000000 reads processed ...
4000000 reads processed ...
5000000 reads processed ...
6000000 reads processed ...
7000000 reads processed ...
8000000 reads processed ...
9000000 reads processed ...
10000000 reads processed ...
11000000 reads processed ...
12000000 reads processed ...
13000000 reads processed ...
14000000 reads processed ...
15000000 reads processed ...
16000000 reads processed ...
17000000 reads processed ...
18000000 reads processed ...
19000000 reads processed ...
20000000 reads processed ...
21000000 reads processed ...
22000000 reads processed ...
23000000 reads processed ...
24000000 reads processed ...
25000000 reads processed ...
26000000 reads processed ...
27000000 reads processed ...
28000000 reads processed ...
29000000 reads processed ...
30000000 reads processed ...
31000000 reads processed ...
32000000 reads processed ...
33000000 reads processed ...
34000000 reads processed ...
35000000 reads processed ...
36000000 reads processed ...
37000000 reads processed ...
38000000 reads processed ...
39000000 reads processed ...
40000000 reads processed ...
41000000 reads processed ...
42000000 reads processed ...
43000000 reads processed ...
44000000 reads processed ...
45000000 reads processed ...
46000000 reads processed ...
Done
sample_4822_in
Using system JDK.
WARN [2022-02-25T12:36:34,822]  [Globals.java:135] [main]  Development mode is enabled
1000000 reads processed ...
2000000 reads processed ...
3000000 reads processed ...
4000000 reads processed ...
5000000 reads processed ...
6000000 reads processed ...
7000000 reads processed ...
8000000 reads processed ...
9000000 reads processed ...
10000000 reads processed ...
11000000 reads processed ...
12000000 reads processed ...
13000000 reads processed ...
14000000 reads processed ...
15000000 reads processed ...
16000000 reads processed ...
17000000 reads processed ...
18000000 reads processed ...
19000000 reads processed ...
20000000 reads processed ...
21000000 reads processed ...
22000000 reads processed ...
23000000 reads processed ...
24000000 reads processed ...
25000000 reads processed ...
26000000 reads processed ...
27000000 reads processed ...
28000000 reads processed ...
29000000 reads processed ...
30000000 reads processed ...
31000000 reads processed ...
32000000 reads processed ...
33000000 reads processed ...
34000000 reads processed ...
35000000 reads processed ...
36000000 reads processed ...
37000000 reads processed ...
38000000 reads processed ...
39000000 reads processed ...
40000000 reads processed ...
41000000 reads processed ...
42000000 reads processed ...
43000000 reads processed ...
44000000 reads processed ...
45000000 reads processed ...
46000000 reads processed ...
Done
sample_4834_out
Using system JDK.
WARN [2022-02-25T12:37:32,445]  [Globals.java:135] [main]  Development mode is enabled
1000000 reads processed ...
2000000 reads processed ...
3000000 reads processed ...
4000000 reads processed ...
5000000 reads processed ...
6000000 reads processed ...
7000000 reads processed ...
8000000 reads processed ...
9000000 reads processed ...
10000000 reads processed ...
11000000 reads processed ...
12000000 reads processed ...
13000000 reads processed ...
14000000 reads processed ...
15000000 reads processed ...
16000000 reads processed ...
17000000 reads processed ...
18000000 reads processed ...
19000000 reads processed ...
20000000 reads processed ...
21000000 reads processed ...
22000000 reads processed ...
23000000 reads processed ...
24000000 reads processed ...
25000000 reads processed ...
26000000 reads processed ...
27000000 reads processed ...
28000000 reads processed ...
29000000 reads processed ...
30000000 reads processed ...
31000000 reads processed ...
32000000 reads processed ...
33000000 reads processed ...
34000000 reads processed ...
35000000 reads processed ...
36000000 reads processed ...
37000000 reads processed ...
38000000 reads processed ...
39000000 reads processed ...
40000000 reads processed ...
41000000 reads processed ...
42000000 reads processed ...
43000000 reads processed ...
44000000 reads processed ...
45000000 reads processed ...
46000000 reads processed ...
47000000 reads processed ...
48000000 reads processed ...
49000000 reads processed ...
50000000 reads processed ...
51000000 reads processed ...
52000000 reads processed ...
53000000 reads processed ...
Done
